Arguments: 
  /home/itoshun/.asdf/installs/nodejs/16.14.2/bin/node /home/itoshun/.asdf/installs/yarn/1.22.18/bin/yarn.js install

PATH: 
  /home/itoshun/.asdf/plugins/nodejs/shims:/home/itoshun/.asdf/installs/nodejs/16.14.2/.npm/bin:/home/itoshun/.asdf/installs/nodejs/16.14.2/bin:/home/itoshun/.asdf/installs/yarn/1.22.18/bin:/home/itoshun/.sdkman/candidates/java/current/bin:/home/itoshun/.pyenv/shims:/home/itoshun/.pyenv/bin:/home/itoshun/.asdf/shims:/home/itoshun/.asdf/bin:/home/itoshun/.vscode-server/bin/1a5daa3a0231a0fbba4f14db7ec463cf99d7768e/bin/remote-cli:/home/itoshun/bin:/home/itoshun/.local/bin:/usr/local/sbin:/usr/local/bin:/usr/sbin:/usr/bin:/sbin:/bin:/usr/games:/usr/local/games:/usr/lib/wsl/lib:/mnt/c/Program Files (x86)/Windows Resource Kits/Tools/:/mnt/c/Windows/system32:/mnt/c/Windows:/mnt/c/Windows/System32/Wbem:/mnt/c/Windows/System32/WindowsPowerShell/v1.0/:/mnt/c/Windows/System32/OpenSSH/:/mnt/c/Program Files (x86)/NVIDIA Corporation/PhysX/Common:/mnt/c/Program Files/NVIDIA Corporation/NVIDIA NvDLISR:/mnt/c/Program Files/Docker/Docker/resources/bin:/mnt/c/ProgramData/DockerDesktop/version-bin:/mnt/c/xampp/php:/mnt/c/ProgramData/ComposerSetup/bin:/mnt/c/Program Files/nodejs/:/mnt/c/Program Files (x86)/Nodist/bin:/mnt/c/WINDOWS/system32:/mnt/c/WINDOWS:/mnt/c/WINDOWS/System32/Wbem:/mnt/c/WINDOWS/System32/WindowsPowerShell/v1.0/:/mnt/c/WINDOWS/System32/OpenSSH/:/mnt/c/Program Files/dotnet/:/mnt/c/Program Files/Git/cmd:/mnt/c/Program Files (x86)/Antelope Audio/Antelope Launcher/:/mnt/c/PROGRA~1/JPKI:/mnt/c/Users/Succh/AppData/Local/Microsoft/WindowsApps:/mnt/c/Users/Succh/AppData/Local/Programs/Microsoft VS Code/bin:/mnt/c/Users/Succh/AppData/Local/Android/Sdk/platform-tools:/mnt/c/Users/Succh/AppData/Local/Android/Sdk/tools:/mnt/c/Program Files/Java/jdk1.8.0_291/bin:/mnt/c/gradle-7.0.2/bin:/mnt/c/src/flutter/bin:/mnt/c/Users/Succh/AppData/Roaming/Composer/vendor/bin:/mnt/c/Users/Succh/AppData/Roaming/npm:/snap/bin

Yarn version: 
  1.22.18

Node version: 
  16.14.2

Platform: 
  linux x64

Trace: 
  Error: https://registry.yarnpkg.com/tailwindcss: tunneling socket could not be established, statusCode=407
      at ClientRequest.onConnect (/home/itoshun/.asdf/installs/yarn/1.22.18/lib/cli.js:152358:19)
      at Object.onceWrapper (node:events:646:26)
      at ClientRequest.emit (node:events:526:28)
      at Socket.socketOnData (node:_http_client:522:11)
      at Socket.emit (node:events:526:28)
      at addChunk (node:internal/streams/readable:315:12)
      at readableAddChunk (node:internal/streams/readable:289:9)
      at Socket.Readable.push (node:internal/streams/readable:228:10)
      at TCP.onStreamRead (node:internal/stream_base_commons:190:23)

npm manifest: 
  {
    "dependencies": {
      "tailwindcss": "^3.3.2"
    },
    "devDependencies": {
      "daisyui": "^4.4.2"
    }
  }

yarn manifest: 
  No manifest

Lockfile: 
  No lockfile
